Release 14.7 - xst P.20131013 (nt64)
Copyright (c) 1995-2013 Xilinx, Inc.  All rights reserved.
--> Parameter TMPDIR set to xst/projnav.tmp


Total REAL time to Xst completion: 4.00 secs
Total CPU time to Xst completion: 4.14 secs
 
--> Parameter xsthdpdir set to xst


Total REAL time to Xst completion: 4.00 secs
Total CPU time to Xst completion: 4.16 secs
 
--> Reading design: show_ALU_in_7segment.prj

TABLE OF CONTENTS
  1) Synthesis Options Summary
  2) HDL Parsing
  3) HDL Elaboration
  4) HDL Synthesis
       4.1) HDL Synthesis Report
  5) Advanced HDL Synthesis
       5.1) Advanced HDL Synthesis Report
  6) Low Level Synthesis
  7) Partition Report
  8) Design Summary
       8.1) Primitive and Black Box Usage
       8.2) Device utilization summary
       8.3) Partition Resource Summary
       8.4) Timing Report
            8.4.1) Clock Information
            8.4.2) Asynchronous Control Signals Information
            8.4.3) Timing Summary
            8.4.4) Timing Details
            8.4.5) Cross Clock Domains Report


=========================================================================
*                      Synthesis Options Summary                        *
=========================================================================
---- Source Parameters
Input File Name                    : "show_ALU_in_7segment.prj"
Ignore Synthesis Constraint File   : NO

---- Target Parameters
Output File Name                   : "show_ALU_in_7segment"
Output Format                      : NGC
Target Device                      : xc6slx4-3-tqg144

---- Source Options
Top Module Name                    : show_ALU_in_7segment
Automatic FSM Extraction           : YES
FSM Encoding Algorithm             : Auto
Safe Implementation                : No
FSM Style                          : LUT
RAM Extraction                     : Yes
RAM Style                          : Auto
ROM Extraction                     : Yes
Shift Register Extraction          : YES
ROM Style                          : Auto
Resource Sharing                   : YES
Asynchronous To Synchronous        : NO
Shift Register Minimum Size        : 2
Use DSP Block                      : Auto
Automatic Register Balancing       : No

---- Target Options
LUT Combining                      : Auto
Reduce Control Sets                : Auto
Add IO Buffers                     : YES
Global Maximum Fanout              : 100000
Add Generic Clock Buffer(BUFG)     : 16
Register Duplication               : YES
Optimize Instantiated Primitives   : NO
Use Clock Enable                   : Auto
Use Synchronous Set                : Auto
Use Synchronous Reset              : Auto
Pack IO Registers into IOBs        : Auto
Equivalent register Removal        : YES

---- General Options
Optimization Goal                  : Speed
Optimization Effort                : 1
Power Reduction                    : NO
Keep Hierarchy                     : No
Netlist Hierarchy                  : As_Optimized
RTL Output                         : Yes
Global Optimization                : AllClockNets
Read Cores                         : YES
Write Timing Constraints           : NO
Cross Clock Analysis               : NO
Hierarchy Separator                : /
Bus Delimiter                      : <>
Case Specifier                     : Maintain
Slice Utilization Ratio            : 100
BRAM Utilization Ratio             : 100
DSP48 Utilization Ratio            : 100
Auto BRAM Packing                  : NO
Slice Utilization Ratio Delta      : 5

=========================================================================


=========================================================================
*                          HDL Parsing                                  *
=========================================================================
Analyzing Verilog file "E:\university\3991\fpga\homeworks\show_ALU_in_7segment\hex2sevensegment.v" into library work
Parsing module <hex2sevensegment>.
Analyzing Verilog file "E:\university\3991\fpga\homeworks\show_ALU_in_7segment\show_ALU_in_7segment.v" into library work
Parsing module <show_ALU_in_7segment>.

=========================================================================
*                            HDL Elaboration                            *
=========================================================================

Elaborating module <show_ALU_in_7segment>.

Elaborating module <hex2sevensegment>.

=========================================================================
*                           HDL Synthesis                               *
=========================================================================

Synthesizing Unit <show_ALU_in_7segment>.
    Related source file is "E:\university\3991\fpga\homeworks\show_ALU_in_7segment\show_ALU_in_7segment.v".
    Found 4-bit subtractor for signal <in_1[3]_in_2[3]_sub_3_OUT> created at line 30.
    Found 4-bit subtractor for signal <in_2[3]_in_1[3]_sub_4_OUT> created at line 30.
    Found 4-bit adder for signal <in_1[3]_in_2[3]_add_6_OUT> created at line 30.
    Found 4-bit 4-to-1 multiplexer for signal <_n0049> created at line 28.
    Found 4-bit comparator greater for signal <in_2[3]_in_1[3]_LessThan_2_o> created at line 30
    Summary:
	inferred   1 Adder/Subtractor(s).
	inferred   1 Comparator(s).
	inferred   7 Multiplexer(s).
Unit <show_ALU_in_7segment> synthesized.

Synthesizing Unit <hex2sevensegment>.
    Related source file is "E:\university\3991\fpga\homeworks\show_ALU_in_7segment\hex2sevensegment.v".
    Found 16x8-bit Read Only RAM for signal <out>
    Summary:
	inferred   1 RAM(s).
Unit <hex2sevensegment> synthesized.

=========================================================================
HDL Synthesis Report

Macro Statistics
# RAMs                                                 : 1
 16x8-bit single-port Read Only RAM                    : 1
# Adders/Subtractors                                   : 1
 4-bit addsub                                          : 1
# Comparators                                          : 1
 4-bit comparator greater                              : 1
# Multiplexers                                         : 7
 4-bit 2-to-1 multiplexer                              : 6
 8-bit 2-to-1 multiplexer                              : 1
# Xors                                                 : 1
 4-bit xor2                                            : 1

=========================================================================
INFO:Xst:1767 - HDL ADVISOR - Resource sharing has identified that some arithmetic operations in this design can share the same physical resources for reduced device utilization. For improved clock frequency you may try to disable resource sharing.

=========================================================================
*                       Advanced HDL Synthesis                          *
=========================================================================


Synthesizing (advanced) Unit <hex2sevensegment>.
INFO:Xst:3218 - HDL ADVISOR - The RAM <Mram_out> will be implemented on LUTs either because you have described an asynchronous read or because of currently unsupported block RAM features. If you have described an asynchronous read, making it synchronous would allow you to take advantage of available block RAM resources, for optimized device usage and improved timings. Please refer to your documentation for coding guidelines.
    -----------------------------------------------------------------------
    | ram_type           | Distributed                         |          |
    -----------------------------------------------------------------------
    | Port A                                                              |
    |     aspect ratio   | 16-word x 8-bit                     |          |
    |     weA            | connected to signal <GND>           | high     |
    |     addrA          | connected to signal <in>            |          |
    |     diA            | connected to signal <GND>           |          |
    |     doA            | connected to signal <out>           |          |
    -----------------------------------------------------------------------
Unit <hex2sevensegment> synthesized (advanced).

=========================================================================
Advanced HDL Synthesis Report

Macro Statistics
# RAMs                                                 : 1
 16x8-bit single-port distributed Read Only RAM        : 1
# Adders/Subtractors                                   : 1
 4-bit addsub                                          : 1
# Comparators                                          : 1
 4-bit comparator greater                              : 1
# Multiplexers                                         : 7
 4-bit 2-to-1 multiplexer                              : 6
 8-bit 2-to-1 multiplexer                              : 1
# Xors                                                 : 1
 4-bit xor2                                            : 1

=========================================================================

=========================================================================
*                         Low Level Synthesis                           *
=========================================================================

Optimizing unit <show_ALU_in_7segment> ...

Mapping all equations...
Building and optimizing final netlist ...
Found area constraint ratio of 100 (+ 5) on block show_ALU_in_7segment, actual ratio is 1.

Final Macro Processing ...

=========================================================================
Final Register Report

Found no macro
=========================================================================

=========================================================================
*                           Partition Report                            *
=========================================================================

Partition Implementation Status
-------------------------------

  No Partitions were found in this design.

-------------------------------

=========================================================================
*                            Design Summary                             *
=========================================================================

Top Level Output File Name         : show_ALU_in_7segment.ngc

Primitive and Black Box Usage:
------------------------------
# BELS                             : 25
#      GND                         : 1
#      LUT3                        : 1
#      LUT4                        : 2
#      LUT5                        : 14
#      LUT6                        : 7
# IO Buffers                       : 20
#      IBUF                        : 12
#      OBUF                        : 8

Device utilization summary:
---------------------------

Selected Device : 6slx4tqg144-3 


Slice Logic Utilization: 
 Number of Slice LUTs:                   24  out of   2400     1%  
    Number used as Logic:                24  out of   2400     1%  

Slice Logic Distribution: 
 Number of LUT Flip Flop pairs used:     24
   Number with an unused Flip Flop:      24  out of     24   100%  
   Number with an unused LUT:             0  out of     24     0%  
   Number of fully used LUT-FF pairs:     0  out of     24     0%  
   Number of unique control sets:         0

IO Utilization: 
 Number of IOs:                          20
 Number of bonded IOBs:                  20  out of    102    19%  

Specific Feature Utilization:

---------------------------
Partition Resource Summary:
---------------------------

  No Partitions were found in this design.

---------------------------


=========================================================================
Timing Report

NOTE: THESE TIMING NUMBERS ARE ONLY A SYNTHESIS ESTIMATE.
      FOR ACCURATE TIMING INFORMATION PLEASE REFER TO THE TRACE REPORT
      GENERATED AFTER PLACE-and-ROUTE.

Clock Information:
------------------
No clock signals found in this design

Asynchronous Control Signals Information:
----------------------------------------
No asynchronous control signals found in this design

Timing Summary:
---------------
Speed Grade: -3

   Minimum period: No path found
   Minimum input arrival time before clock: No path found
   Maximum output required time after clock: No path found
   Maximum combinational path delay: 11.647ns

Timing Details:
---------------
All values displayed in nanoseconds (ns)

=========================================================================
Timing constraint: Default path analysis
  Total number of paths / destination ports: 1848 / 7
-------------------------------------------------------------------------
Delay:               11.647ns (Levels of Logic = 9)
  Source:            in_2<0> (PAD)
  Destination:       out<6> (PAD)

  Data Path: in_2<0> to out<6>
                                Gate     Net
    Cell:in->out      fanout   Delay   Delay  Logical Name (Net Name)
    ----------------------------------------  ------------
     IBUF:I->O             5   1.222   0.943  in_2_0_IBUF (in_2_0_IBUF)
     LUT4:I1->O            2   0.205   0.721  in_2[3]_in_1[3]_LessThan_2_o1_SW0 (N9)
     LUT5:I3->O            7   0.203   1.021  in_2[3]_in_1[3]_LessThan_2_o1 (in_2[3]_in_1[3]_LessThan_2_o)
     LUT5:I1->O            3   0.203   0.879  Mmux__n00491_rs_lut<1>1 (Mmux__n00491_rs_lut<1>)
     LUT3:I0->O            1   0.205   0.684  Mmux__n00491_rs_cy<1>11 (Mmux__n00491_rs_cy<1>)
     LUT6:I4->O            1   0.203   0.580  w1<3>1 (w1<3>1)
     LUT6:I5->O            7   0.205   1.021  w1<3>2 (w1<3>)
     LUT5:I1->O            1   0.203   0.579  Mmux_out71 (out_6_OBUF)
     OBUF:I->O                 2.571          out_6_OBUF (out<6>)
    ----------------------------------------
    Total                     11.647ns (5.220ns logic, 6.427ns route)
                                       (44.8% logic, 55.2% route)

=========================================================================

Cross Clock Domains Report:
--------------------------

=========================================================================


Total REAL time to Xst completion: 20.00 secs
Total CPU time to Xst completion: 19.65 secs
 
--> 

Total memory usage is 4494080 kilobytes

Number of errors   :    0 (   0 filtered)
Number of warnings :    0 (   0 filtered)
Number of infos    :    2 (   0 filtered)

